<?xml version="1.0" encoding="UTF-8"?>
<testng-results skipped="0" failed="2" total="4" passed="2">
  <reporter-output>
  </reporter-output>
  <suite name="EbayListingTestSuite" duration-ms="40826" started-at="2016-02-12T01:27:19Z" finished-at="2016-02-12T01:28:00Z">
    <groups>
    </groups>
    <test name="EbayListingsTest_Chrome" duration-ms="35719" started-at="2016-02-12T01:27:19Z" finished-at="2016-02-12T01:27:55Z">
      <class name="com.webdriver.na.ebay.tests.EbayListingsTest">
        <test-method status="PASS" signature="setUp(java.lang.String)[pri:0, instance:com.webdriver.na.ebay.tests.EbayListingsTest@5a4a6010]" name="setUp" is-config="true" duration-ms="7374" started-at="2016-02-11T17:27:20Z" finished-at="2016-02-11T17:27:27Z">
          <params>
            <param index="0">
              <value>
                <![CDATA[chrome]]>
              </value>
            </param>
          </params>
          <reporter-output>
          </reporter-output>
        </test-method> <!-- setUp -->
        <test-method status="PASS" signature="verifySearchListingsCount(java.lang.String)[pri:0, instance:com.webdriver.na.ebay.tests.EbayListingsTest@5a4a6010]" name="verifySearchListingsCount" duration-ms="12764" started-at="2016-02-11T17:27:27Z" data-provider="provider" finished-at="2016-02-11T17:27:40Z">
          <params>
            <param index="0">
              <value>
                <![CDATA[shoes]]>
              </value>
            </param>
          </params>
          <reporter-output>
          </reporter-output>
        </test-method> <!-- verifySearchListingsCount -->
        <test-method status="PASS" signature="tearDown()[pri:0, instance:com.webdriver.na.ebay.tests.EbayListingsTest@5a4a6010]" name="tearDown" is-config="true" duration-ms="1980" started-at="2016-02-11T17:27:40Z" finished-at="2016-02-11T17:27:42Z">
          <reporter-output>
          </reporter-output>
        </test-method> <!-- tearDown -->
        <test-method status="PASS" signature="setUp(java.lang.String)[pri:0, instance:com.webdriver.na.ebay.tests.EbayListingsTest@5a4a6010]" name="setUp" is-config="true" duration-ms="2118" started-at="2016-02-11T17:27:42Z" finished-at="2016-02-11T17:27:44Z">
          <params>
            <param index="0">
              <value>
                <![CDATA[chrome]]>
              </value>
            </param>
          </params>
          <reporter-output>
          </reporter-output>
        </test-method> <!-- setUp -->
        <test-method status="FAIL" signature="verifySearchListingsCount(java.lang.String)[pri:0, instance:com.webdriver.na.ebay.tests.EbayListingsTest@5a4a6010]" name="verifySearchListingsCount" duration-ms="9429" started-at="2016-02-11T17:27:44Z" data-provider="provider" finished-at="2016-02-11T17:27:53Z">
          <params>
            <param index="0">
              <value>
                <![CDATA[colouredturtlepaintings]]>
              </value>
            </param>
          </params>
          <exception class="java.lang.AssertionError">
            <message>
              <![CDATA[Invalid listing count:0 expected [true] but found [false]]]>
            </message>
            <full-stacktrace>
              <![CDATA[java.lang.AssertionError: Invalid listing count:0 expected [true] but found [false]
	at org.testng.Assert.fail(Assert.java:94)
	at org.testng.Assert.failNotEquals(Assert.java:494)
	at org.testng.Assert.assertTrue(Assert.java:42)
	at com.webdriver.na.ebay.tests.EbayListingsTest.verifySearchListingsCount(EbayListingsTest.java:65)
	at sun.reflect.NativeMethodAccessorImpl.invoke0(Native Method)
	at sun.reflect.NativeMethodAccessorImpl.invoke(Unknown Source)
	at sun.reflect.DelegatingMethodAccessorImpl.invoke(Unknown Source)
	at java.lang.reflect.Method.invoke(Unknown Source)
	at org.testng.internal.MethodInvocationHelper.invokeMethod(MethodInvocationHelper.java:84)
	at org.testng.internal.Invoker.invokeMethod(Invoker.java:714)
	at org.testng.internal.Invoker.invokeTestMethod(Invoker.java:901)
	at org.testng.internal.Invoker.invokeTestMethods(Invoker.java:1231)
	at org.testng.internal.TestMethodWorker.invokeTestMethods(TestMethodWorker.java:127)
	at org.testng.internal.TestMethodWorker.run(TestMethodWorker.java:111)
	at org.testng.TestRunner.privateRun(TestRunner.java:767)
	at org.testng.TestRunner.run(TestRunner.java:617)
	at org.testng.SuiteRunner.runTest(SuiteRunner.java:334)
	at org.testng.SuiteRunner.access$000(SuiteRunner.java:37)
	at org.testng.SuiteRunner$SuiteWorker.run(SuiteRunner.java:368)
	at org.testng.internal.thread.ThreadUtil$2.call(ThreadUtil.java:64)
	at java.util.concurrent.FutureTask.run(Unknown Source)
	at java.util.concurrent.ThreadPoolExecutor.runWorker(Unknown Source)
	at java.util.concurrent.ThreadPoolExecutor$Worker.run(Unknown Source)
	at java.lang.Thread.run(Unknown Source)
]]>
            </full-stacktrace>
          </exception> <!-- java.lang.AssertionError -->
          <reporter-output>
          </reporter-output>
        </test-method> <!-- verifySearchListingsCount -->
        <test-method status="PASS" signature="tearDown()[pri:0, instance:com.webdriver.na.ebay.tests.EbayListingsTest@5a4a6010]" name="tearDown" is-config="true" duration-ms="1725" started-at="2016-02-11T17:27:53Z" finished-at="2016-02-11T17:27:55Z">
          <reporter-output>
          </reporter-output>
        </test-method> <!-- tearDown -->
      </class> <!-- com.webdriver.na.ebay.tests.EbayListingsTest -->
    </test> <!-- EbayListingsTest_Chrome -->
    <test name="EbayListingsTest_Firefox" duration-ms="40826" started-at="2016-02-12T01:27:19Z" finished-at="2016-02-12T01:28:00Z">
      <class name="com.webdriver.na.ebay.tests.EbayListingsTest">
        <test-method status="PASS" signature="setUp(java.lang.String)[pri:0, instance:com.webdriver.na.ebay.tests.EbayListingsTest@4ca9cde2]" name="setUp" is-config="true" duration-ms="9870" started-at="2016-02-11T17:27:20Z" finished-at="2016-02-11T17:27:29Z">
          <params>
            <param index="0">
              <value>
                <![CDATA[firefox]]>
              </value>
            </param>
          </params>
          <reporter-output>
          </reporter-output>
        </test-method> <!-- setUp -->
        <test-method status="PASS" signature="verifySearchListingsCount(java.lang.String)[pri:0, instance:com.webdriver.na.ebay.tests.EbayListingsTest@4ca9cde2]" name="verifySearchListingsCount" duration-ms="13211" started-at="2016-02-11T17:27:29Z" data-provider="provider" finished-at="2016-02-11T17:27:43Z">
          <params>
            <param index="0">
              <value>
                <![CDATA[shoes]]>
              </value>
            </param>
          </params>
          <reporter-output>
          </reporter-output>
        </test-method> <!-- verifySearchListingsCount -->
        <test-method status="PASS" signature="tearDown()[pri:0, instance:com.webdriver.na.ebay.tests.EbayListingsTest@4ca9cde2]" name="tearDown" is-config="true" duration-ms="1014" started-at="2016-02-11T17:27:43Z" finished-at="2016-02-11T17:27:44Z">
          <reporter-output>
          </reporter-output>
        </test-method> <!-- tearDown -->
        <test-method status="PASS" signature="setUp(java.lang.String)[pri:0, instance:com.webdriver.na.ebay.tests.EbayListingsTest@4ca9cde2]" name="setUp" is-config="true" duration-ms="6884" started-at="2016-02-11T17:27:44Z" finished-at="2016-02-11T17:27:50Z">
          <params>
            <param index="0">
              <value>
                <![CDATA[firefox]]>
              </value>
            </param>
          </params>
          <reporter-output>
          </reporter-output>
        </test-method> <!-- setUp -->
        <test-method status="FAIL" signature="verifySearchListingsCount(java.lang.String)[pri:0, instance:com.webdriver.na.ebay.tests.EbayListingsTest@4ca9cde2]" name="verifySearchListingsCount" duration-ms="8932" started-at="2016-02-11T17:27:50Z" data-provider="provider" finished-at="2016-02-11T17:27:59Z">
          <params>
            <param index="0">
              <value>
                <![CDATA[colouredturtlepaintings]]>
              </value>
            </param>
          </params>
          <exception class="java.lang.AssertionError">
            <message>
              <![CDATA[Invalid listing count:0 expected [true] but found [false]]]>
            </message>
            <full-stacktrace>
              <![CDATA[java.lang.AssertionError: Invalid listing count:0 expected [true] but found [false]
	at org.testng.Assert.fail(Assert.java:94)
	at org.testng.Assert.failNotEquals(Assert.java:494)
	at org.testng.Assert.assertTrue(Assert.java:42)
	at com.webdriver.na.ebay.tests.EbayListingsTest.verifySearchListingsCount(EbayListingsTest.java:65)
	at sun.reflect.NativeMethodAccessorImpl.invoke0(Native Method)
	at sun.reflect.NativeMethodAccessorImpl.invoke(Unknown Source)
	at sun.reflect.DelegatingMethodAccessorImpl.invoke(Unknown Source)
	at java.lang.reflect.Method.invoke(Unknown Source)
	at org.testng.internal.MethodInvocationHelper.invokeMethod(MethodInvocationHelper.java:84)
	at org.testng.internal.Invoker.invokeMethod(Invoker.java:714)
	at org.testng.internal.Invoker.invokeTestMethod(Invoker.java:901)
	at org.testng.internal.Invoker.invokeTestMethods(Invoker.java:1231)
	at org.testng.internal.TestMethodWorker.invokeTestMethods(TestMethodWorker.java:127)
	at org.testng.internal.TestMethodWorker.run(TestMethodWorker.java:111)
	at org.testng.TestRunner.privateRun(TestRunner.java:767)
	at org.testng.TestRunner.run(TestRunner.java:617)
	at org.testng.SuiteRunner.runTest(SuiteRunner.java:334)
	at org.testng.SuiteRunner.access$000(SuiteRunner.java:37)
	at org.testng.SuiteRunner$SuiteWorker.run(SuiteRunner.java:368)
	at org.testng.internal.thread.ThreadUtil$2.call(ThreadUtil.java:64)
	at java.util.concurrent.FutureTask.run(Unknown Source)
	at java.util.concurrent.ThreadPoolExecutor.runWorker(Unknown Source)
	at java.util.concurrent.ThreadPoolExecutor$Worker.run(Unknown Source)
	at java.lang.Thread.run(Unknown Source)
]]>
            </full-stacktrace>
          </exception> <!-- java.lang.AssertionError -->
          <reporter-output>
          </reporter-output>
        </test-method> <!-- verifySearchListingsCount -->
        <test-method status="PASS" signature="tearDown()[pri:0, instance:com.webdriver.na.ebay.tests.EbayListingsTest@4ca9cde2]" name="tearDown" is-config="true" duration-ms="590" started-at="2016-02-11T17:27:59Z" finished-at="2016-02-11T17:28:00Z">
          <reporter-output>
          </reporter-output>
        </test-method> <!-- tearDown -->
      </class> <!-- com.webdriver.na.ebay.tests.EbayListingsTest -->
    </test> <!-- EbayListingsTest_Firefox -->
  </suite> <!-- EbayListingTestSuite -->
</testng-results>
